{"numFailedTestSuites":0,"numFailedTests":0,"numPassedTestSuites":6,"numPassedTests":33,"numPendingTestSuites":0,"numPendingTests":0,"numRuntimeErrorTestSuites":0,"numTodoTests":0,"numTotalTestSuites":6,"numTotalTests":33,"openHandles":[],"snapshot":{"added":0,"didUpdate":false,"failure":false,"filesAdded":0,"filesRemoved":0,"filesRemovedList":[],"filesUnmatched":0,"filesUpdated":0,"matched":0,"total":0,"unchecked":0,"uncheckedKeysByFile":[],"unmatched":0,"updated":0},"startTime":1779117009307,"success":true,"testResults":[{"assertionResults":[{"ancestorTitles":["Authentication API","POST /api/auth/register"],"duration":2740,"failing":false,"failureDetails":[],"failureMessages":[],"fullName":"Authentication API POST /api/auth/register should register a new student user","invocations":1,"location":null,"numPassingAsserts":5,"retryReasons":[],"startAt":1779117010730,"status":"passed","title":"should register a new student user"},{"ancestorTitles":["Authentication API","POST /api/auth/register"],"duration":2149,"failing":false,"failureDetails":[],"failureMessages":[],"fullName":"Authentication API POST /api/auth/register should register a new teacher user","invocations":1,"location":null,"numPassingAsserts":2,"retryReasons":[],"startAt":1779117013471,"status":"passed","title":"should register a new teacher user"},{"ancestorTitles":["Authentication API","POST /api/auth/register"],"duration":1582,"failing":false,"failureDetails":[],"failureMessages":[],"fullName":"Authentication API POST /api/auth/register should reject duplicate email","invocations":1,"location":null,"numPassingAsserts":1,"retryReasons":[],"startAt":1779117015621,"status":"passed","title":"should reject duplicate email"},{"ancestorTitles":["Authentication API","POST /api/auth/register"],"duration":1733,"failing":false,"failureDetails":[],"failureMessages":[],"fullName":"Authentication API POST /api/auth/register should require email and password","invocations":1,"location":null,"numPassingAsserts":1,"retryReasons":[],"startAt":1779117017203,"status":"passed","title":"should require email and password"},{"ancestorTitles":["Authentication API","POST /api/auth/login"],"duration":2179,"failing":false,"failureDetails":[],"failureMessages":[],"fullName":"Authentication API POST /api/auth/login should login with valid credentials","invocations":1,"location":null,"numPassingAsserts":4,"retryReasons":[],"startAt":1779117018937,"status":"passed","title":"should login with valid credentials"},{"ancestorTitles":["Authentication API","POST /api/auth/login"],"duration":2120,"failing":false,"failureDetails":[],"failureMessages":[],"fullName":"Authentication API POST /api/auth/login should reject invalid credentials","invocations":1,"location":null,"numPassingAsserts":1,"retryReasons":[],"startAt":1779117021120,"status":"passed","title":"should reject invalid credentials"},{"ancestorTitles":["Authentication API","POST /api/auth/login"],"duration":1591,"failing":false,"failureDetails":[],"failureMessages":[],"fullName":"Authentication API POST /api/auth/login should reject non-existent user","invocations":1,"location":null,"numPassingAsserts":1,"retryReasons":[],"startAt":1779117023241,"status":"passed","title":"should reject non-existent user"},{"ancestorTitles":["Authentication API","GET /api/auth/profile"],"duration":1576,"failing":false,"failureDetails":[],"failureMessages":[],"fullName":"Authentication API GET /api/auth/profile should return user profile with valid token","invocations":1,"location":null,"numPassingAsserts":4,"retryReasons":[],"startAt":1779117024832,"status":"passed","title":"should return user profile with valid token"},{"ancestorTitles":["Authentication API","GET /api/auth/profile"],"duration":1583,"failing":false,"failureDetails":[],"failureMessages":[],"fullName":"Authentication API GET /api/auth/profile should reject request without token","invocations":1,"location":null,"numPassingAsserts":1,"retryReasons":[],"startAt":1779117026408,"status":"passed","title":"should reject request without token"},{"ancestorTitles":["Authentication API","GET /api/auth/profile"],"duration":1636,"failing":false,"failureDetails":[],"failureMessages":[],"fullName":"Authentication API GET /api/auth/profile should reject invalid token","invocations":1,"location":null,"numPassingAsserts":1,"retryReasons":[],"startAt":1779117027992,"status":"passed","title":"should reject invalid token"},{"ancestorTitles":["Exam API","GET /api/exam/list"],"duration":1934,"failing":false,"failureDetails":[],"failureMessages":[],"fullName":"Exam API GET /api/exam/list should return list of available exams","invocations":1,"location":null,"numPassingAsserts":3,"retryReasons":[],"startAt":1779117029629,"status":"passed","title":"should return list of available exams"},{"ancestorTitles":["Exam API","GET /api/exam/list"],"duration":1712,"failing":false,"failureDetails":[],"failureMessages":[],"fullName":"Exam API GET /api/exam/list should reject unauthorized request","invocations":1,"location":null,"numPassingAsserts":1,"retryReasons":[],"startAt":1779117031563,"status":"passed","title":"should reject unauthorized request"},{"ancestorTitles":["Exam API","GET /api/exam/[id]"],"duration":1807,"failing":false,"failureDetails":[],"failureMessages":[],"fullName":"Exam API GET /api/exam/[id] should return exam details with questions","invocations":1,"location":null,"numPassingAsserts":3,"retryReasons":[],"startAt":1779117033276,"status":"passed","title":"should return exam details with questions"},{"ancestorTitles":["Exam API","GET /api/exam/[id]"],"duration":1903,"failing":false,"failureDetails":[],"failureMessages":[],"fullName":"Exam API GET /api/exam/[id] should return 404 for non-existent exam","invocations":1,"location":null,"numPassingAsserts":1,"retryReasons":[],"startAt":1779117035083,"status":"passed","title":"should return 404 for non-existent exam"},{"ancestorTitles":["Exam API","POST /api/exam/submit"],"duration":1928,"failing":false,"failureDetails":[],"failureMessages":[],"fullName":"Exam API POST /api/exam/submit should submit exam answers and calculate score","invocations":1,"location":null,"numPassingAsserts":3,"retryReasons":[],"startAt":1779117036987,"status":"passed","title":"should submit exam answers and calculate score"},{"ancestorTitles":["Exam API","POST /api/exam/submit"],"duration":2181,"failing":false,"failureDetails":[],"failureMessages":[],"fullName":"Exam API POST /api/exam/submit should reject submission without required fields","invocations":1,"location":null,"numPassingAsserts":1,"retryReasons":[],"startAt":1779117038915,"status":"passed","title":"should reject submission without required fields"},{"ancestorTitles":["Admin API","POST /api/admin/exams"],"duration":1923,"failing":false,"failureDetails":[],"failureMessages":[],"fullName":"Admin API POST /api/admin/exams should create exam (teacher only)","invocations":1,"location":null,"numPassingAsserts":0,"retryReasons":[],"startAt":1779117041097,"status":"passed","title":"should create exam (teacher only)"},{"ancestorTitles":["Admin API","POST /api/admin/exams"],"duration":1861,"failing":false,"failureDetails":[],"failureMessages":[],"fullName":"Admin API POST /api/admin/exams should reject non-teacher users","invocations":1,"location":null,"numPassingAsserts":1,"retryReasons":[],"startAt":1779117043020,"status":"passed","title":"should reject non-teacher users"},{"ancestorTitles":["Admin API","GET /api/admin/dashboard"],"duration":2391,"failing":false,"failureDetails":[],"failureMessages":[],"fullName":"Admin API GET /api/admin/dashboard should return dashboard statistics","invocations":1,"location":null,"numPassingAsserts":4,"retryReasons":[],"startAt":1779117044881,"status":"passed","title":"should return dashboard statistics"},{"ancestorTitles":["Results API","GET /api/results/list"],"duration":2248,"failing":false,"failureDetails":[],"failureMessages":[],"fullName":"Results API GET /api/results/list should return student results","invocations":1,"location":null,"numPassingAsserts":3,"retryReasons":[],"startAt":1779117047272,"status":"passed","title":"should return student results"},{"ancestorTitles":["Results API","GET /api/results/export"],"duration":1717,"failing":false,"failureDetails":[],"failureMessages":[],"fullName":"Results API GET /api/results/export should export results as JSON","invocations":1,"location":null,"numPassingAsserts":1,"retryReasons":[],"startAt":1779117049521,"status":"passed","title":"should export results as JSON"},{"ancestorTitles":["Results API","GET /api/results/export"],"duration":1858,"failing":false,"failureDetails":[],"failureMessages":[],"fullName":"Results API GET /api/results/export should export results as CSV","invocations":1,"location":null,"numPassingAsserts":1,"retryReasons":[],"startAt":1779117051239,"status":"passed","title":"should export results as CSV"},{"ancestorTitles":["Analytics API","GET /api/analytics/exam"],"duration":1636,"failing":false,"failureDetails":[],"failureMessages":[],"fullName":"Analytics API GET /api/analytics/exam should return exam analytics","invocations":1,"location":null,"numPassingAsserts":3,"retryReasons":[],"startAt":1779117053097,"status":"passed","title":"should return exam analytics"},{"ancestorTitles":["School API","POST /api/school"],"duration":1559,"failing":false,"failureDetails":[],"failureMessages":[],"fullName":"School API POST /api/school should create new school","invocations":1,"location":null,"numPassingAsserts":0,"retryReasons":[],"startAt":1779117054734,"status":"passed","title":"should create new school"},{"ancestorTitles":["School API","GET /api/school"],"duration":1583,"failing":false,"failureDetails":[],"failureMessages":[],"fullName":"School API GET /api/school should list all schools","invocations":1,"location":null,"numPassingAsserts":3,"retryReasons":[],"startAt":1779117056294,"status":"passed","title":"should list all schools"},{"ancestorTitles":["Health Check","GET /api/health"],"duration":1486,"failing":false,"failureDetails":[],"failureMessages":[],"fullName":"Health Check GET /api/health should return health status","invocations":1,"location":null,"numPassingAsserts":3,"retryReasons":[],"startAt":1779117057877,"status":"passed","title":"should return health status"}],"endTime":1779117059365,"message":"","name":"C:\\Users\\laternabooks.ng\\Desktop\\CBT\\__tests__\\api.test.ts","startTime":1779117009766,"status":"passed","summary":""},{"assertionResults":[{"ancestorTitles":["Exam Engine"],"duration":580,"failing":false,"failureDetails":[],"failureMessages":[],"fullName":"Exam Engine should create session","invocations":1,"location":null,"numPassingAsserts":1,"retryReasons":[],"startAt":1779117059630,"status":"passed","title":"should create session"},{"ancestorTitles":["Exam Engine"],"duration":447,"failing":false,"failureDetails":[],"failureMessages":[],"fullName":"Exam Engine should submit answer","invocations":1,"location":null,"numPassingAsserts":1,"retryReasons":[],"startAt":1779117060211,"status":"passed","title":"should submit answer"},{"ancestorTitles":["Exam Engine"],"duration":406,"failing":false,"failureDetails":[],"failureMessages":[],"fullName":"Exam Engine should finish exam","invocations":1,"location":null,"numPassingAsserts":1,"retryReasons":[],"startAt":1779117060658,"status":"passed","title":"should finish exam"}],"endTime":1779117061066,"message":"","name":"C:\\Users\\laternabooks.ng\\Desktop\\CBT\\__tests__\\exam\\examEngine.test.ts","startTime":1779117059478,"status":"passed","summary":""},{"assertionResults":[{"ancestorTitles":["Auth API"],"duration":727,"failing":false,"failureDetails":[],"failureMessages":[],"fullName":"Auth API login route should exist","invocations":1,"location":null,"numPassingAsserts":1,"retryReasons":[],"startAt":1779117061214,"status":"passed","title":"login route should exist"}],"endTime":1779117061943,"message":"","name":"C:\\Users\\laternabooks.ng\\Desktop\\CBT\\__tests__\\auth\\auth.test.ts","startTime":1779117061078,"status":"passed","summary":""},{"assertionResults":[{"ancestorTitles":["API Health"],"duration":606,"failing":false,"failureDetails":[],"failureMessages":[],"fullName":"API Health system should be healthy","invocations":1,"location":null,"numPassingAsserts":1,"retryReasons":[],"startAt":1779117062352,"status":"passed","title":"system should be healthy"}],"endTime":1779117062964,"message":"","name":"C:\\Users\\laternabooks.ng\\Desktop\\CBT\\__tests__\\api\\health.test.ts","startTime":1779117061952,"status":"passed","summary":""},{"assertionResults":[{"ancestorTitles":["Result Engine"],"duration":521,"failing":false,"failureDetails":[],"failureMessages":[],"fullName":"Result Engine should calculate correct score","invocations":1,"location":null,"numPassingAsserts":1,"retryReasons":[],"startAt":1779117063081,"status":"passed","title":"should calculate correct score"}],"endTime":1779117063603,"message":"","name":"C:\\Users\\laternabooks.ng\\Desktop\\CBT\\__tests__\\exam\\resultEngine.test.ts","startTime":1779117062972,"status":"passed","summary":""},{"assertionResults":[{"ancestorTitles":["Security Layer"],"duration":606,"failing":false,"failureDetails":[],"failureMessages":[],"fullName":"Security Layer JWT secret should exist","invocations":1,"location":null,"numPassingAsserts":1,"retryReasons":[],"startAt":1779117063736,"status":"passed","title":"JWT secret should exist"}],"endTime":1779117064346,"message":"","name":"C:\\Users\\laternabooks.ng\\Desktop\\CBT\\__tests__\\security\\security.test.ts","startTime":1779117063609,"status":"passed","summary":""}],"wasInterrupted":false}
